2026-07-19T12:41:57.685+08:00  INFO 5 --- [AI Image Studio] [main] com.gs.txt2img.Txt2imgApplication        : Starting AOT-processed Txt2imgApplication using Java 25.0.3 with PID 5 (/home/quanz/projects/txt2img/txt2img/build/native/nativeCompile/txt2img started by quanz in /home/quanz/projects/txt2img)
2026-07-19T12:41:57.686+08:00  INFO 5 --- [AI Image Studio] [main] com.gs.txt2img.Txt2imgApplication        : No active profile set, falling back to 1 default profile: "sqlite"
2026-07-19T12:41:57.690+08:00  INFO 5 --- [AI Image Studio] [main] c.g.t.c.SqliteDataDirectoryInitializer   : SQLite data directory ready: /home/quanz/projects/txt2img/./data
2026-07-19T12:41:57.768+08:00  INFO 5 --- [AI Image Studio] [main] o.s.boot.tomcat.TomcatWebServer          : Tomcat initialized with port 18080 (http)
2026-07-19T12:41:57.772+08:00  INFO 5 --- [AI Image Studio] [main] o.apache.catalina.core.StandardService   : Stopping service [Tomcat]
2026-07-19T12:41:57.773+08:00  WARN 5 --- [AI Image Studio] [main] s.s.c.ServletWebServerApplicationContext : Exception encountered during context initialization - cancelling refresh attempt: org.springframework.context.ApplicationContextException: Unable to start web server
2026-07-19T12:42:20.485+08:00  INFO 5 --- [AI Image Studio] [main] com.gs.txt2img.Txt2imgApplication        : Starting AOT-processed Txt2imgApplication using Java 25.0.3 with PID 5 (/home/quanz/projects/txt2img/txt2img/build/native/nativeCompile/txt2img started by quanz in /home/quanz/projects/txt2img)
2026-07-19T12:42:20.485+08:00  INFO 5 --- [AI Image Studio] [main] com.gs.txt2img.Txt2imgApplication        : No active profile set, falling back to 1 default profile: "default"
2026-07-19T12:42:20.487+08:00  INFO 5 --- [AI Image Studio] [main] c.g.t.c.SqliteDataDirectoryInitializer   : SQLite data directory ready: /home/quanz/projects/txt2img/./data
2026-07-19T12:42:20.528+08:00  INFO 5 --- [AI Image Studio] [main] org.hibernate.orm.jpa                    : HHH008540: Processing PersistenceUnitInfo [name: default]
2026-07-19T12:42:20.536+08:00  INFO 5 --- [AI Image Studio] [main] org.hibernate.orm.core                   : HHH000001: Hibernate ORM core version 7.4.1.Final
2026-07-19T12:42:20.568+08:00  INFO 5 --- [AI Image Studio] [main] com.zaxxer.hikari.HikariDataSource       : HikariPool-1 - Starting...
2026-07-19T12:42:20.951+08:00  INFO 5 --- [AI Image Studio] [main] com.zaxxer.hikari.pool.HikariPool        : HikariPool-1 - Added connection org.sqlite.jdbc4.JDBC4Connection@306b7b46
2026-07-19T12:42:20.951+08:00  INFO 5 --- [AI Image Studio] [main] com.zaxxer.hikari.HikariDataSource       : HikariPool-1 - Start completed.
2026-07-19T12:42:20.955+08:00  INFO 5 --- [AI Image Studio] [main] org.hibernate.orm.connections.pooling    : HHH10001005: Database info:
	Database JDBC URL [jdbc:sqlite:./data/txt2img.db]
	Database driver: SQLite JDBC
	Database dialect: SQLiteDialect
	Database version: 3.53.2
	Default catalog/schema: undefined/undefined
	Autocommit mode: undefined/unknown
	Isolation level: SERIALIZABLE [default SERIALIZABLE]
	JDBC fetch size: none
	Pool: DataSourceConnectionProvider
	Minimum pool size: undefined/unknown
	Maximum pool size: undefined/unknown
2026-07-19T12:42:21.042+08:00  INFO 5 --- [AI Image Studio] [main] org.hibernate.orm.core                   : HHH000489: No JTA platform available (set 'hibernate.transaction.jta.platform' to enable JTA platform integration)
2026-07-19T12:42:21.056+08:00  INFO 5 --- [AI Image Studio] [main] j.LocalContainerEntityManagerFactoryBean : Initialized JPA EntityManagerFactory for persistence unit 'default'
2026-07-19T12:42:21.082+08:00  INFO 5 --- [AI Image Studio] [main] o.s.d.j.r.query.QueryEnhancerFactories   : Hibernate is in classpath; If applicable, HQL parser will be used.
2026-07-19T12:42:21.141+08:00  INFO 5 --- [AI Image Studio] [main] com.gs.txt2img.config.StoragePaths       : Application directories: base=/tmp/txt2img-native-smoke-nonweb, config=/tmp/txt2img-native-smoke-nonweb/config, data=/tmp/txt2img-native-smoke-nonweb/data, logs=/tmp/txt2img-native-smoke-nonweb/logs, uploads=/tmp/txt2img-native-smoke-nonweb/data/uploads
2026-07-19T12:42:21.196+08:00  WARN 5 --- [AI Image Studio] [main] JpaBaseConfiguration$JpaWebConfiguration : spring.jpa.open-in-view is enabled by default. Therefore, database queries may be performed during view rendering. Explicitly configure spring.jpa.open-in-view to disable this warning
2026-07-19T12:42:21.200+08:00  INFO 5 --- [AI Image Studio] [main] o.s.b.w.a.WelcomePageHandlerMapping      : Adding welcome page: class path resource [static/index.html]
2026-07-19T12:42:21.242+08:00  WARN 5 --- [AI Image Studio] [main] o.s.c.support.GenericApplicationContext  : Exception encountered during context initialization - cancelling refresh attempt: org.springframework.beans.factory.BeanCreationException: Error creating bean with name 'resourceHandlerMapping': Instantiation of supplied bean failed
2026-07-19T12:42:21.243+08:00  INFO 5 --- [AI Image Studio] [main] j.LocalContainerEntityManagerFactoryBean : Closing JPA EntityManagerFactory for persistence unit 'default'
2026-07-19T12:42:21.243+08:00  INFO 5 --- [AI Image Studio] [main] com.zaxxer.hikari.HikariDataSource       : HikariPool-1 - Shutdown initiated...
2026-07-19T12:42:21.243+08:00  INFO 5 --- [AI Image Studio] [main] com.zaxxer.hikari.HikariDataSource       : HikariPool-1 - Shutdown completed.
